2024-07-01T15:21:24.881+08:00  INFO 5344 --- [main] c.c.s.SarinventoryBeFinalApplication     : Starting SarinventoryBeFinalApplication using Java 21.0.2 with PID 5344 (C:\Users\Fabian David\OneDrive\Documents\sarinventory-be-final\target\classes started by Fabian David in C:\Users\Fabian David\OneDrive\Documents\sarinventory-be-final)
2024-07-01T15:21:24.883+08:00  INFO 5344 --- [main] c.c.s.SarinventoryBeFinalApplication     : No active profile set, falling back to 1 default profile: "default"
2024-07-01T15:21:25.853+08:00  INFO 5344 --- [main] .s.d.r.c.RepositoryConfigurationDelegate : Bootstrapping Spring Data JPA repositories in DEFAULT mode.
2024-07-01T15:21:25.946+08:00  INFO 5344 --- [main] .s.d.r.c.RepositoryConfigurationDelegate : Finished Spring Data repository scanning in 85 ms. Found 7 JPA repository interfaces.
2024-07-01T15:21:26.763+08:00  INFO 5344 --- [main] o.s.b.w.embedded.tomcat.TomcatWebServer  : Tomcat initialized with port 8000 (http)
2024-07-01T15:21:26.781+08:00  INFO 5344 --- [main] o.apache.catalina.core.StandardService   : Starting service [Tomcat]
2024-07-01T15:21:26.781+08:00  INFO 5344 --- [main] o.apache.catalina.core.StandardEngine    : Starting Servlet engine: [Apache Tomcat/10.1.25]
2024-07-01T15:21:26.870+08:00  INFO 5344 --- [main] o.a.c.c.C.[Tomcat].[localhost].[/]       : Initializing Spring embedded WebApplicationContext
2024-07-01T15:21:26.871+08:00  INFO 5344 --- [main] w.s.c.ServletWebServerApplicationContext : Root WebApplicationContext: initialization completed in 1939 ms
2024-07-01T15:21:27.631+08:00  INFO 5344 --- [main] o.s.o.j.p.SpringPersistenceUnitInfo      : No LoadTimeWeaver setup: ignoring JPA class transformer
2024-07-01T15:21:27.664+08:00  INFO 5344 --- [main] com.zaxxer.hikari.HikariDataSource       : HikariPool-1 - Starting...
2024-07-01T15:21:28.191+08:00  INFO 5344 --- [main] com.zaxxer.hikari.pool.HikariPool        : HikariPool-1 - Added connection com.mysql.cj.jdbc.ConnectionImpl@2abedbbd
2024-07-01T15:21:28.195+08:00  INFO 5344 --- [main] com.zaxxer.hikari.HikariDataSource       : HikariPool-1 - Start completed.
2024-07-01T15:21:29.989+08:00  INFO 5344 --- [main] j.LocalContainerEntityManagerFactoryBean : Initialized JPA EntityManagerFactory for persistence unit 'default'
2024-07-01T15:21:30.662+08:00  WARN 5344 --- [main] ConfigServletWebServerApplicationContext : Exception encountered during context initialization - cancelling refresh attempt: org.springframework.beans.factory.UnsatisfiedDependencyException: Error creating bean with name 'itemController' defined in file [C:\Users\Fabian David\OneDrive\Documents\sarinventory-be-final\target\classes\com\csthesis\sarinventory_be_final\controllers\ItemController.class]: Unsatisfied dependency expressed through constructor parameter 0: Error creating bean with name 'itemService': Unsatisfied dependency expressed through field 'log': No qualifying bean of type 'org.slf4j.Logger' available: expected at least 1 bean which qualifies as autowire candidate. Dependency annotations: {@org.springframework.beans.factory.annotation.Autowired(required=true)}
2024-07-01T15:21:30.662+08:00  INFO 5344 --- [main] j.LocalContainerEntityManagerFactoryBean : Closing JPA EntityManagerFactory for persistence unit 'default'
2024-07-01T15:21:30.791+08:00  INFO 5344 --- [main] com.zaxxer.hikari.HikariDataSource       : HikariPool-1 - Shutdown initiated...
2024-07-01T15:21:30.799+08:00  INFO 5344 --- [main] com.zaxxer.hikari.HikariDataSource       : HikariPool-1 - Shutdown completed.
2024-07-01T15:21:30.801+08:00  INFO 5344 --- [main] o.apache.catalina.core.StandardService   : Stopping service [Tomcat]
2024-07-01T15:21:30.811+08:00  INFO 5344 --- [main] .s.b.a.l.ConditionEvaluationReportLogger : 

Error starting ApplicationContext. To display the condition evaluation report re-run your application with 'debug' enabled.
2024-07-01T15:21:30.835+08:00 ERROR 5344 --- [main] o.s.b.d.LoggingFailureAnalysisReporter   : 

***************************
APPLICATION FAILED TO START
***************************

Description:

Field log in com.csthesis.sarinventory_be_final.services.ItemService required a bean of type 'org.slf4j.Logger' that could not be found.


Action:

Consider defining a bean of type 'org.slf4j.Logger' in your configuration.

2024-07-01T15:53:19.399+08:00  INFO 43052 --- [main] c.c.s.SarinventoryBeFinalApplication     : Starting SarinventoryBeFinalApplication using Java 21.0.2 with PID 43052 (C:\Users\Fabian David\OneDrive\Documents\sarinventory-be-final\target\classes started by Fabian David in C:\Users\Fabian David\OneDrive\Documents\sarinventory-be-final)
2024-07-01T15:53:19.402+08:00  INFO 43052 --- [main] c.c.s.SarinventoryBeFinalApplication     : No active profile set, falling back to 1 default profile: "default"
2024-07-01T15:53:20.175+08:00  INFO 43052 --- [main] .s.d.r.c.RepositoryConfigurationDelegate : Bootstrapping Spring Data JPA repositories in DEFAULT mode.
2024-07-01T15:53:20.269+08:00  INFO 43052 --- [main] .s.d.r.c.RepositoryConfigurationDelegate : Finished Spring Data repository scanning in 86 ms. Found 7 JPA repository interfaces.
2024-07-01T15:53:21.101+08:00  INFO 43052 --- [main] o.s.b.w.embedded.tomcat.TomcatWebServer  : Tomcat initialized with port 8000 (http)
2024-07-01T15:53:21.123+08:00  INFO 43052 --- [main] o.apache.catalina.core.StandardService   : Starting service [Tomcat]
2024-07-01T15:53:21.124+08:00  INFO 43052 --- [main] o.apache.catalina.core.StandardEngine    : Starting Servlet engine: [Apache Tomcat/10.1.25]
2024-07-01T15:53:21.225+08:00  INFO 43052 --- [main] o.a.c.c.C.[Tomcat].[localhost].[/]       : Initializing Spring embedded WebApplicationContext
2024-07-01T15:53:21.227+08:00  INFO 43052 --- [main] w.s.c.ServletWebServerApplicationContext : Root WebApplicationContext: initialization completed in 1782 ms
2024-07-01T15:53:21.945+08:00  INFO 43052 --- [main] o.s.o.j.p.SpringPersistenceUnitInfo      : No LoadTimeWeaver setup: ignoring JPA class transformer
2024-07-01T15:53:21.977+08:00  INFO 43052 --- [main] com.zaxxer.hikari.HikariDataSource       : HikariPool-1 - Starting...
2024-07-01T15:53:22.376+08:00  INFO 43052 --- [main] com.zaxxer.hikari.pool.HikariPool        : HikariPool-1 - Added connection com.mysql.cj.jdbc.ConnectionImpl@68d8ae27
2024-07-01T15:53:22.378+08:00  INFO 43052 --- [main] com.zaxxer.hikari.HikariDataSource       : HikariPool-1 - Start completed.
2024-07-01T15:53:23.836+08:00  INFO 43052 --- [main] j.LocalContainerEntityManagerFactoryBean : Initialized JPA EntityManagerFactory for persistence unit 'default'
2024-07-01T15:53:24.516+08:00  WARN 43052 --- [main] ConfigServletWebServerApplicationContext : Exception encountered during context initialization - cancelling refresh attempt: org.springframework.beans.factory.UnsatisfiedDependencyException: Error creating bean with name 'itemController' defined in file [C:\Users\Fabian David\OneDrive\Documents\sarinventory-be-final\target\classes\com\csthesis\sarinventory_be_final\controllers\ItemController.class]: Unsatisfied dependency expressed through constructor parameter 0: Error creating bean with name 'itemService': Unsatisfied dependency expressed through field 'log': No qualifying bean of type 'org.slf4j.Logger' available: expected at least 1 bean which qualifies as autowire candidate. Dependency annotations: {@org.springframework.beans.factory.annotation.Autowired(required=true)}
2024-07-01T15:53:24.517+08:00  INFO 43052 --- [main] j.LocalContainerEntityManagerFactoryBean : Closing JPA EntityManagerFactory for persistence unit 'default'
2024-07-01T15:53:24.662+08:00  INFO 43052 --- [main] com.zaxxer.hikari.HikariDataSource       : HikariPool-1 - Shutdown initiated...
2024-07-01T15:53:24.669+08:00  INFO 43052 --- [main] com.zaxxer.hikari.HikariDataSource       : HikariPool-1 - Shutdown completed.
2024-07-01T15:53:24.670+08:00  INFO 43052 --- [main] o.apache.catalina.core.StandardService   : Stopping service [Tomcat]
2024-07-01T15:53:24.678+08:00  INFO 43052 --- [main] .s.b.a.l.ConditionEvaluationReportLogger : 

Error starting ApplicationContext. To display the condition evaluation report re-run your application with 'debug' enabled.
2024-07-01T15:53:24.701+08:00 ERROR 43052 --- [main] o.s.b.d.LoggingFailureAnalysisReporter   : 

***************************
APPLICATION FAILED TO START
***************************

Description:

Field log in com.csthesis.sarinventory_be_final.services.ItemService required a bean of type 'org.slf4j.Logger' that could not be found.


Action:

Consider defining a bean of type 'org.slf4j.Logger' in your configuration.

2024-07-01T15:54:25.637+08:00  INFO 38616 --- [main] c.c.s.SarinventoryBeFinalApplication     : Starting SarinventoryBeFinalApplication using Java 21.0.2 with PID 38616 (C:\Users\Fabian David\OneDrive\Documents\sarinventory-be-final\target\classes started by Fabian David in C:\Users\Fabian David\OneDrive\Documents\sarinventory-be-final)
2024-07-01T15:54:25.639+08:00  INFO 38616 --- [main] c.c.s.SarinventoryBeFinalApplication     : No active profile set, falling back to 1 default profile: "default"
2024-07-01T15:54:26.343+08:00  INFO 38616 --- [main] .s.d.r.c.RepositoryConfigurationDelegate : Bootstrapping Spring Data JPA repositories in DEFAULT mode.
2024-07-01T15:54:26.412+08:00  INFO 38616 --- [main] .s.d.r.c.RepositoryConfigurationDelegate : Finished Spring Data repository scanning in 62 ms. Found 7 JPA repository interfaces.
2024-07-01T15:54:27.047+08:00  INFO 38616 --- [main] o.s.b.w.embedded.tomcat.TomcatWebServer  : Tomcat initialized with port 8000 (http)
2024-07-01T15:54:27.065+08:00  INFO 38616 --- [main] o.apache.catalina.core.StandardService   : Starting service [Tomcat]
2024-07-01T15:54:27.065+08:00  INFO 38616 --- [main] o.apache.catalina.core.StandardEngine    : Starting Servlet engine: [Apache Tomcat/10.1.25]
2024-07-01T15:54:27.147+08:00  INFO 38616 --- [main] o.a.c.c.C.[Tomcat].[localhost].[/]       : Initializing Spring embedded WebApplicationContext
2024-07-01T15:54:27.148+08:00  INFO 38616 --- [main] w.s.c.ServletWebServerApplicationContext : Root WebApplicationContext: initialization completed in 1464 ms
2024-07-01T15:54:27.718+08:00  INFO 38616 --- [main] o.s.o.j.p.SpringPersistenceUnitInfo      : No LoadTimeWeaver setup: ignoring JPA class transformer
2024-07-01T15:54:27.745+08:00  INFO 38616 --- [main] com.zaxxer.hikari.HikariDataSource       : HikariPool-1 - Starting...
2024-07-01T15:54:28.057+08:00  INFO 38616 --- [main] com.zaxxer.hikari.pool.HikariPool        : HikariPool-1 - Added connection com.mysql.cj.jdbc.ConnectionImpl@2abedbbd
2024-07-01T15:54:28.058+08:00  INFO 38616 --- [main] com.zaxxer.hikari.HikariDataSource       : HikariPool-1 - Start completed.
2024-07-01T15:54:29.413+08:00  INFO 38616 --- [main] j.LocalContainerEntityManagerFactoryBean : Initialized JPA EntityManagerFactory for persistence unit 'default'
2024-07-01T15:54:30.158+08:00  WARN 38616 --- [main] ConfigServletWebServerApplicationContext : Exception encountered during context initialization - cancelling refresh attempt: org.springframework.beans.factory.UnsatisfiedDependencyException: Error creating bean with name 'itemController' defined in file [C:\Users\Fabian David\OneDrive\Documents\sarinventory-be-final\target\classes\com\csthesis\sarinventory_be_final\controllers\ItemController.class]: Unsatisfied dependency expressed through constructor parameter 0: Error creating bean with name 'itemService': Unsatisfied dependency expressed through field 'log': No qualifying bean of type 'org.slf4j.Logger' available: expected at least 1 bean which qualifies as autowire candidate. Dependency annotations: {@org.springframework.beans.factory.annotation.Autowired(required=true)}
2024-07-01T15:54:30.158+08:00  INFO 38616 --- [main] j.LocalContainerEntityManagerFactoryBean : Closing JPA EntityManagerFactory for persistence unit 'default'
2024-07-01T15:54:30.284+08:00  INFO 38616 --- [main] com.zaxxer.hikari.HikariDataSource       : HikariPool-1 - Shutdown initiated...
2024-07-01T15:54:30.291+08:00  INFO 38616 --- [main] com.zaxxer.hikari.HikariDataSource       : HikariPool-1 - Shutdown completed.
2024-07-01T15:54:30.292+08:00  INFO 38616 --- [main] o.apache.catalina.core.StandardService   : Stopping service [Tomcat]
2024-07-01T15:54:30.299+08:00  INFO 38616 --- [main] .s.b.a.l.ConditionEvaluationReportLogger : 

Error starting ApplicationContext. To display the condition evaluation report re-run your application with 'debug' enabled.
2024-07-01T15:54:30.323+08:00 ERROR 38616 --- [main] o.s.b.d.LoggingFailureAnalysisReporter   : 

***************************
APPLICATION FAILED TO START
***************************

Description:

Field log in com.csthesis.sarinventory_be_final.services.ItemService required a bean of type 'org.slf4j.Logger' that could not be found.


Action:

Consider defining a bean of type 'org.slf4j.Logger' in your configuration.

2024-07-01T15:57:40.000+08:00  INFO 12752 --- [main] c.c.s.SarinventoryBeFinalApplication     : Starting SarinventoryBeFinalApplication using Java 21.0.2 with PID 12752 (C:\Users\Fabian David\OneDrive\Documents\sarinventory-be-final\target\classes started by Fabian David in C:\Users\Fabian David\OneDrive\Documents\sarinventory-be-final)
2024-07-01T15:57:40.003+08:00  INFO 12752 --- [main] c.c.s.SarinventoryBeFinalApplication     : No active profile set, falling back to 1 default profile: "default"
2024-07-01T15:57:40.835+08:00  INFO 12752 --- [main] .s.d.r.c.RepositoryConfigurationDelegate : Bootstrapping Spring Data JPA repositories in DEFAULT mode.
2024-07-01T15:57:40.948+08:00  INFO 12752 --- [main] .s.d.r.c.RepositoryConfigurationDelegate : Finished Spring Data repository scanning in 97 ms. Found 7 JPA repository interfaces.
2024-07-01T15:57:41.712+08:00  INFO 12752 --- [main] o.s.b.w.embedded.tomcat.TomcatWebServer  : Tomcat initialized with port 8000 (http)
2024-07-01T15:57:41.725+08:00  INFO 12752 --- [main] o.apache.catalina.core.StandardService   : Starting service [Tomcat]
2024-07-01T15:57:41.725+08:00  INFO 12752 --- [main] o.apache.catalina.core.StandardEngine    : Starting Servlet engine: [Apache Tomcat/10.1.25]
2024-07-01T15:57:41.800+08:00  INFO 12752 --- [main] o.a.c.c.C.[Tomcat].[localhost].[/]       : Initializing Spring embedded WebApplicationContext
2024-07-01T15:57:41.801+08:00  INFO 12752 --- [main] w.s.c.ServletWebServerApplicationContext : Root WebApplicationContext: initialization completed in 1746 ms
2024-07-01T15:57:42.458+08:00  INFO 12752 --- [main] o.s.o.j.p.SpringPersistenceUnitInfo      : No LoadTimeWeaver setup: ignoring JPA class transformer
2024-07-01T15:57:42.490+08:00  INFO 12752 --- [main] com.zaxxer.hikari.HikariDataSource       : HikariPool-1 - Starting...
2024-07-01T15:57:42.885+08:00  INFO 12752 --- [main] com.zaxxer.hikari.pool.HikariPool        : HikariPool-1 - Added connection com.mysql.cj.jdbc.ConnectionImpl@2abedbbd
2024-07-01T15:57:42.887+08:00  INFO 12752 --- [main] com.zaxxer.hikari.HikariDataSource       : HikariPool-1 - Start completed.
2024-07-01T15:57:44.364+08:00  INFO 12752 --- [main] j.LocalContainerEntityManagerFactoryBean : Initialized JPA EntityManagerFactory for persistence unit 'default'
2024-07-01T15:57:45.182+08:00  WARN 12752 --- [main] ConfigServletWebServerApplicationContext : Exception encountered during context initialization - cancelling refresh attempt: org.springframework.beans.factory.UnsatisfiedDependencyException: Error creating bean with name 'itemController' defined in file [C:\Users\Fabian David\OneDrive\Documents\sarinventory-be-final\target\classes\com\csthesis\sarinventory_be_final\controllers\ItemController.class]: Unsatisfied dependency expressed through constructor parameter 0: Error creating bean with name 'itemService': Unsatisfied dependency expressed through field 'log': No qualifying bean of type 'org.slf4j.Logger' available: expected at least 1 bean which qualifies as autowire candidate. Dependency annotations: {@org.springframework.beans.factory.annotation.Autowired(required=true)}
2024-07-01T15:57:45.182+08:00  INFO 12752 --- [main] j.LocalContainerEntityManagerFactoryBean : Closing JPA EntityManagerFactory for persistence unit 'default'
2024-07-01T15:57:45.333+08:00  INFO 12752 --- [main] com.zaxxer.hikari.HikariDataSource       : HikariPool-1 - Shutdown initiated...
2024-07-01T15:57:45.342+08:00  INFO 12752 --- [main] com.zaxxer.hikari.HikariDataSource       : HikariPool-1 - Shutdown completed.
2024-07-01T15:57:45.344+08:00  INFO 12752 --- [main] o.apache.catalina.core.StandardService   : Stopping service [Tomcat]
2024-07-01T15:57:45.357+08:00  INFO 12752 --- [main] .s.b.a.l.ConditionEvaluationReportLogger : 

Error starting ApplicationContext. To display the condition evaluation report re-run your application with 'debug' enabled.
2024-07-01T15:57:45.389+08:00 ERROR 12752 --- [main] o.s.b.d.LoggingFailureAnalysisReporter   : 

***************************
APPLICATION FAILED TO START
***************************

Description:

Field log in com.csthesis.sarinventory_be_final.services.ItemService required a bean of type 'org.slf4j.Logger' that could not be found.


Action:

Consider defining a bean of type 'org.slf4j.Logger' in your configuration.

2024-07-01T16:00:44.495+08:00  INFO 23576 --- [main] c.c.s.SarinventoryBeFinalApplication     : Starting SarinventoryBeFinalApplication using Java 21.0.2 with PID 23576 (C:\Users\Fabian David\OneDrive\Documents\sarinventory-be-final\target\classes started by Fabian David in C:\Users\Fabian David\OneDrive\Documents\sarinventory-be-final)
2024-07-01T16:00:44.498+08:00  INFO 23576 --- [main] c.c.s.SarinventoryBeFinalApplication     : No active profile set, falling back to 1 default profile: "default"
2024-07-01T16:00:45.532+08:00  INFO 23576 --- [main] .s.d.r.c.RepositoryConfigurationDelegate : Bootstrapping Spring Data JPA repositories in DEFAULT mode.
2024-07-01T16:00:45.611+08:00  INFO 23576 --- [main] .s.d.r.c.RepositoryConfigurationDelegate : Finished Spring Data repository scanning in 71 ms. Found 7 JPA repository interfaces.
2024-07-01T16:00:46.422+08:00  INFO 23576 --- [main] o.s.b.w.embedded.tomcat.TomcatWebServer  : Tomcat initialized with port 8000 (http)
2024-07-01T16:00:46.441+08:00  INFO 23576 --- [main] o.apache.catalina.core.StandardService   : Starting service [Tomcat]
2024-07-01T16:00:46.441+08:00  INFO 23576 --- [main] o.apache.catalina.core.StandardEngine    : Starting Servlet engine: [Apache Tomcat/10.1.25]
2024-07-01T16:00:46.528+08:00  INFO 23576 --- [main] o.a.c.c.C.[Tomcat].[localhost].[/]       : Initializing Spring embedded WebApplicationContext
2024-07-01T16:00:46.529+08:00  INFO 23576 --- [main] w.s.c.ServletWebServerApplicationContext : Root WebApplicationContext: initialization completed in 1956 ms
2024-07-01T16:00:47.337+08:00  INFO 23576 --- [main] o.s.o.j.p.SpringPersistenceUnitInfo      : No LoadTimeWeaver setup: ignoring JPA class transformer
2024-07-01T16:00:47.376+08:00  INFO 23576 --- [main] com.zaxxer.hikari.HikariDataSource       : HikariPool-1 - Starting...
2024-07-01T16:00:47.892+08:00  INFO 23576 --- [main] com.zaxxer.hikari.pool.HikariPool        : HikariPool-1 - Added connection com.mysql.cj.jdbc.ConnectionImpl@2c56eba5
2024-07-01T16:00:47.894+08:00  INFO 23576 --- [main] com.zaxxer.hikari.HikariDataSource       : HikariPool-1 - Start completed.
2024-07-01T16:00:49.693+08:00  INFO 23576 --- [main] j.LocalContainerEntityManagerFactoryBean : Initialized JPA EntityManagerFactory for persistence unit 'default'
2024-07-01T16:00:50.461+08:00  WARN 23576 --- [main] ConfigServletWebServerApplicationContext : Exception encountered during context initialization - cancelling refresh attempt: org.springframework.beans.factory.UnsatisfiedDependencyException: Error creating bean with name 'itemController' defined in file [C:\Users\Fabian David\OneDrive\Documents\sarinventory-be-final\target\classes\com\csthesis\sarinventory_be_final\controllers\ItemController.class]: Unsatisfied dependency expressed through constructor parameter 0: Error creating bean with name 'itemService': Unsatisfied dependency expressed through field 'log': No qualifying bean of type 'org.slf4j.Logger' available: expected at least 1 bean which qualifies as autowire candidate. Dependency annotations: {@org.springframework.beans.factory.annotation.Autowired(required=true)}
2024-07-01T16:00:50.461+08:00  INFO 23576 --- [main] j.LocalContainerEntityManagerFactoryBean : Closing JPA EntityManagerFactory for persistence unit 'default'
2024-07-01T16:00:50.591+08:00  INFO 23576 --- [main] com.zaxxer.hikari.HikariDataSource       : HikariPool-1 - Shutdown initiated...
2024-07-01T16:00:50.597+08:00  INFO 23576 --- [main] com.zaxxer.hikari.HikariDataSource       : HikariPool-1 - Shutdown completed.
2024-07-01T16:00:50.599+08:00  INFO 23576 --- [main] o.apache.catalina.core.StandardService   : Stopping service [Tomcat]
2024-07-01T16:00:50.610+08:00  INFO 23576 --- [main] .s.b.a.l.ConditionEvaluationReportLogger : 

Error starting ApplicationContext. To display the condition evaluation report re-run your application with 'debug' enabled.
2024-07-01T16:00:50.640+08:00 ERROR 23576 --- [main] o.s.b.d.LoggingFailureAnalysisReporter   : 

***************************
APPLICATION FAILED TO START
***************************

Description:

Field log in com.csthesis.sarinventory_be_final.services.ItemService required a bean of type 'org.slf4j.Logger' that could not be found.


Action:

Consider defining a bean of type 'org.slf4j.Logger' in your configuration.

